         w __deregister_frame_info
         w __register_frame_info
         w userAppExit
         w userAppInit
00000000 00000802 B __ctru_dev_utf16_buf
00000000 A __sync_synchronize
00000000 b _TLS_MODULE_BASE_
00000000 a shift
00000000 a shift
00000804 00000401 B __ctru_dev_path_buf
00100000 A __start__
00100000 T _start
00100008 T __service_ptr
0010000c T __apt_appid
00100010 T __heap_size
00100014 T __linear_heap_size
00100018 T __system_arglist
0010001c T __system_runflags
00100020 t startup
00100058 t ClearMem
0010006c t ClrLoop
00100094 T _init
001000ac T __aeabi_idiv
001000ac 00000220 T __divsi3
001000b4 t .divsi3_skip_div0_test
001002cc 00000020 T __aeabi_idivmod
001002ec 00000004 W __aeabi_idiv0
001002ec 00000004 W __aeabi_ldiv0
001002f0 T __aeabi_uldivmod
00100348 00000390 T strcmp
001006d0 t .udivsi3_skip_div0_test
001006d0 T __aeabi_uidiv
001006d0 000001ec T __udivsi3
001008bc 00000020 T __aeabi_uidivmod
001008dc t __do_global_dtors_aux
0010091c t frame_dummy
00100948 00000054 T init_nintendo_urls
0010099c 00000144 T main
00100ae0 0000045c t consoleHandleColorEsc
00100f3c 000000b8 t consoleColorStateShift
00100ff4 000001ac T consoleDrawChar
001011a0 0000011c T consolePrintChar
001012bc 000005ec T con_write
001018a8 00000124 t newRow
001019cc 0000018c T consoleInit
00101b58 000000d0 t gfxPresentFramebuffer
00101c28 0000001c T gfxIsWide
00101c44 000000ec T gfxSetScreenFormat
00101d30 00000010 T gfxSetDoubleBuffering
00101d40 000000d8 T gfxInit
00101e18 00000010 T gfxInitDefault
00101e28 000000b4 T gfxExit
00101edc 000000a0 T gfxGetFramebuffer
00101f7c 00000100 T gfxFlushBuffers
0010207c 00000050 T gfxSwapBuffers
001020cc 00000050 T gfxSwapBuffersGpu
0010211c 000001b0 t aptConvertScreenForCapture
001022cc 00000008 W aptDspSleep
001022d4 00000004 W aptDspWakeup
001022d8 00000004 W aptDspCancel
001022dc 00000158 T aptSendCommand
00102438 00000044 t aptExitProcess
0010247c 00000380 T aptExit
001027fc 000000d8 T aptHandleSleep
001028d4 00000084 T APT_SleepIfShellClosed
00102958 00000078 T aptSetSleepAllowed
001029d0 00000084 T APT_UnlockTransition
00102a58 00000478 t aptEventHandler
00102ed0 000000b0 T APT_ReceiveParameter
00102f80 000000ac t aptReceiveParameter.constprop.0
00103030 00000294 t aptScreenTransfer
001032c4 000002c8 t aptWaitForWakeUp.isra.0
0010358c 000000f4 T aptJumpToHomeMenu
00103680 00000048 T aptMainLoop
001036c8 0000022c T aptInit
001038f4 0000007c T APT_CheckNew3DS
00103970 00000c70 t gspHardwareInit
001045e0 00000248 T gspInit
00104828 000000e4 T gspExit
0010490c 00000010 T gspHasGpuRight
0010491c 000000a0 T gspPresentBuffer
001049bc 00000044 T gspWaitForEvent
00104a00 00000004 W gxCmdQueueInterrupt
00104a04 00000160 t gspEventThreadMain
00104b64 00000050 T GSPGPU_FlushDataCache
00104bb4 00000034 T GSPGPU_SetLcdForceBlack
00104be8 00000068 T GSPGPU_AcquireRight
00104c50 00000048 T GSPGPU_ReleaseRight
00104c98 0000007c T GSPGPU_ImportDisplayCaptureInfo
00104d14 0000002c T GSPGPU_SaveVramSysArea
00104d40 0000002c T GSPGPU_RestoreVramSysArea
00104d6c 00000024 W hidShouldUseIrrst
00104d90 0000018c T hidInit
00104f1c 000000e8 T hidExit
00105004 000002a4 T hidScanInput
001052a8 00000010 T hidKeysDown
001052b8 00000160 T irrstInit
00105418 000000cc T irrstExit
001054e4 000000b4 T irrstScanInput
00105598 00000024 T irrstKeysHeld
001055bc 00000038 W __libctru_init
001055f4 00000160 W __system_initArgv
00105754 00000030 T __syscall_getreent
00105784 00000004 T __syscall_lock_acquire
00105788 00000004 T __syscall_lock_release
0010578c 00000004 T __syscall_lock_acquire_recursive
00105790 00000004 T __syscall_lock_release_recursive
00105794 00000004 T __syscall_exit
00105798 00000050 T initThreadVars
001057e8 00000080 T __system_initSyscalls
00105868 T svcControlMemory
00105888 T svcQueryMemory
001058b8 T svcExitProcess
001058c0 T svcCreateThread
001058e0 T svcExitThread
001058e8 T svcSleepThread
001058f0 T svcReleaseMutex
001058f8 T svcCreateEvent
0010590c T svcSignalEvent
00105914 T svcClearEvent
0010591c T svcMapMemoryBlock
00105924 T svcUnmapMemoryBlock
0010592c T svcCreateAddressArbiter
00105940 T svcArbitrateAddressNoTimeout
00105948 T svcCloseHandle
00105950 T svcWaitSynchronization
00105958 T svcWaitSynchronizationN
00105980 T svcDuplicateHandle
00105994 T svcConnectToPort
001059a8 T svcSendSyncRequest
001059b0 T svcGetResourceLimit
001059c4 T svcGetResourceLimitLimitValues
001059cc T svcGetResourceLimitCurrentValues
001059d4 T svcBreak
001059dc W initSystem
00105a2c W __ctru_exit
00105a40 00000024 t addrMapNodeComparator(rbtree_node const*, rbtree_node const*)
00105a64 00000004 t addrMapNodeDestructor(rbtree_node*)
00105a68 00000120 T linearMemAlign
00105b88 00000008 T linearAlloc
00105b90 0000005c T linearFree
00105bec 00000084 T MemPool::CoalesceRight(MemBlock*)
00105c70 00000150 T MemPool::Allocate(MemChunk&, unsigned long, int)
00105dc0 000000fc T MemPool::Deallocate(MemChunk const&)
00105ebc 00000030 T MemPool::GetFreeSpace()
00105eec 00000024 t addrMapNodeComparator(rbtree_node const*, rbtree_node const*)
00105f10 00000004 t addrMapNodeDestructor(rbtree_node*)
00105f14 00000244 T vramMemAlignAt
00106158 0000000c T vramAlloc
00106164 00000090 T vramFree
001061f4 00000084 W envGetHandle
00106278 00000050 W envDestroyHandles
001062c8 00000034 T __ctru_speedup_config
001062fc 0000012c T srvInit
00106428 00000058 T srvExit
00106480 00000060 T srvEnableNotification
001064e0 000000a0 T srvGetServiceHandleDirect
00106580 00000038 T srvGetServiceHandle
001065b8 00000034 T srvSubscribe
001065ec 00000060 T srvReceiveNotification
0010664c 00000038 T srvPublishToSubscriber
00106684 0000000c T __sync_init
00106690 00000018 T __sync_fini
001066a8 0000002c T syncArbitrateAddress
001066d4 000000b0 T LightLock_Lock
00106784 00000040 T LightLock_Unlock
001067c4 00000030 T RecursiveLock_Lock
001067f4 00000054 T RecursiveLock_Unlock
00106848 00000040 T LightEvent_Init
00106888 000000a4 T LightEvent_Clear
0010692c 000000c8 T LightEvent_Signal
001069f4 00000050 T LightEvent_TryWait
00106a44 000000a0 T LightEvent_Wait
00106ae4 000001d4 T threadCreate
00106cb8 0000002c T threadFree
00106ce4 00000024 T threadJoin
00106d08 00000030 T threadGetCurrent
00106d38 00000040 T threadExit
00106d78 00000020 t _thread_begin
00106d98 00000090 t mappableFindAddressWithin
00106e28 00000028 T mappableInit
00106e50 00000080 T mappableAlloc
00106ed0 00000004 T mappableFree
00106ed4 00000074 T ptmSysmInit
00106f48 0000003c T ptmSysmExit
00106f84 00000034 T PTMSYSM_ConfigureNew3DSCPU
00106fb8 0000000c T srvPmGetSessionHandle
00106fc4 00000074 T rbtree_find
00107038 00000010 T rbtree_init
00107048 0000019c t do_insert
001071e4 00000008 T rbtree_insert
001071ec 00000310 T rbtree_remove
001074fc 00000090 T rbtree_rotate
00107590 000001e0 W __system_allocateHeaps
00107770 00000030 W __appExit
001077a0 00000030 W __appInit
001077d0 00000090 W __libctru_exit
00107860 00000014 t archive_link
00107874 00000014 t archive_dirreset
00107888 00000014 t archive_chmod
0010789c 00000024 t error_cmp
001078c0 00000050 t archive_translate_error
00107910 000000c4 t archive_seek
001079d4 00000078 t _archiveInit.part.0
00107a4c 000000c4 t archiveFindDevice.part.0
00107b10 00000290 t archive_utf16path
00107da0 0000009c t _archiveUnmountDeviceStruct.part.0
00107e3c 00000014 t archive_statvfs
00107e50 00000014 t archive_fchmod
00107e64 00000168 t _archiveMountDevice
00107fcc 000000e8 t archive_diropen
001080b4 000000a4 t archive_fstat
00108158 0000006c t archive_fsync
001081c4 0000006c t archive_close
00108230 00000070 t archive_dirclose
001082a0 000000e4 t sdmc_statvfs
00108384 000000ec t archive_chdir
00108470 0000007c t archive_ftruncate
001084ec 000000ac t archive_read
00108598 000000a4 t archive_unlink
0010863c 000000bc t archive_rmdir
001086f8 000000dc t archive_mkdir
001087d4 00000194 t archive_stat
00108968 0000015c t archive_dirnext
00108ac4 00000124 t archive_write
00108be8 00000210 t archive_open
00108df8 00000268 t archive_rename
00109060 0000019c T archiveMountSdmc
001091fc 00000054 T archiveUnmountAll
00109250 000000d0 T fsInit
00109320 0000003c T fsExit
0010935c 00000060 T fsExemptFromSession
001093bc 00000050 T fsUnexemptFromSession
0010940c 000000cc T FSUSER_OpenFile
001094d8 000000bc T FSUSER_DeleteFile
00109594 000000f8 T FSUSER_RenameFile
0010968c 000000bc T FSUSER_DeleteDirectory
00109748 000000d4 T FSUSER_CreateFile
0010981c 000000c4 T FSUSER_CreateDirectory
001098e0 000000f8 T FSUSER_RenameDirectory
001099d8 000000b4 T FSUSER_OpenDirectory
00109a8c 00000094 T FSUSER_OpenArchive
00109b20 0000008c T FSUSER_CloseArchive
00109bac 00000074 T FSUSER_GetSdmcArchiveResource
00109c20 00000064 T FSUSER_IsSdmcWritable
00109c84 00000058 T FSFILE_Read
00109cdc 00000060 T FSFILE_Write
00109d3c 00000038 T FSFILE_GetSize
00109d74 00000028 T FSFILE_SetSize
00109d9c 0000003c T FSFILE_Close
00109dd8 00000024 T FSFILE_Flush
00109dfc 00000050 T FSDIR_Read
00109e4c 0000003c T FSDIR_Close
00109e88 0000005c T rbtree_node_next
00109ee4 0000013c T decode_utf8
0010a020 000000e8 T utf16_to_utf8
0010a108 000000c0 T utf8_to_utf16
0010a1c8 T __aeabi_read_tp
0010a1d4 00000064 T decode_utf16
0010a238 00000054 T encode_utf16
0010a28c 000000e0 T encode_utf8
0010a36c 00000120 T __udivmoddi4
0010a48c 000000d8 T strncmp
0010a564 0000005c T strlen
0010a5c0 000001e4 t _strtoul_l.isra.0
0010a7a4 00000034 T strtoul
0010a7d8 000000e4 T strncat
0010a8bc 00000078 T bsearch
0010a934 00000020 T memalign
0010a954 0000001c t stdio_exit_handler
0010a970 0000005c t cleanup_stdio
0010a9cc 00000154 t global_stdio_init.part.0
0010ab20 0000005c T __sinit
0010ab7c 0000000c T __sfp_lock_acquire
0010ab88 0000000c T __sfp_lock_release
0010ab94 000007e8 T _malloc_r
0010b37c 000000f8 T _malloc_trim_r
0010b474 00000300 T _free_r
0010b774 00000294 T setvbuf
0010ba08 0000004c T strnlen
0010ba54 0000000c T __errno
0010ba60 00000034 T malloc
0010ba94 00000018 T free
0010baac 00000130 T memcpy
0010bbdc 00000034 T printf
0010bc10 000000e0 T _puts_r
0010bcf0 00000018 T puts
0010bd08 000000e8 T memset
0010bdf0 00000070 T _fwalk_sglue
0010be60 0000000c T __malloc_lock
0010be6c 0000000c T __malloc_unlock
0010be78 00000004 W __call_exitprocs
0010be7c 00000030 T exit
0010beac 000000d4 T snprintf
0010bf80 000000c4 T strncpy
0010c044 00000084 T __libc_init_array
0010c0c8 00000228 T __sflush_r
0010c2f0 00000094 T _fflush_r
0010c384 00000480 T __sfvwrite_r
0010c804 00000150 T _memalign_r
0010c954 000000e0 T memchr
0010ca34 0000003c T __libc_fini_array
0010ca70 00000044 T __sread
0010cab4 00000068 T __swrite
0010cb1c 00000040 T __sseek
0010cb5c 00000008 T __sclose
0010cb64 00000148 T _fclose_r
0010ccac 000005e4 t get_arg
0010d290 0000342c T _vfprintf_r
001106bc 000000b8 t __sbprintf
00110774 00000144 T __smakebuf_r
001108b8 0000008c T __swhatbuf_r
00110944 000001b4 t quorem
00110af8 00001370 T _dtoa_r
00111e68 000000a0 T _wcrtomb_r
00111f08 000005e4 t get_arg
001124f0 0000335c T _svfprintf_r
0011584c 000004a4 T _realloc_r
00115cf0 00000028 T _wcsrtombs_r
00115d18 00000194 T __swsetup_r
00115eb0 00000088 T frexp
00115f38 00000160 T memmove
00116098 0000005c T __assert_func
001160f4 00000088 T _Balloc
0011617c 0000001c T _Bfree
00116198 000000f4 T __multadd
0011628c 00000080 T __hi0bits
0011630c 000000f4 T __lo0bits
00116400 000000a4 T __i2b
001164a4 00000208 T __multiply
001166ac 00000130 T __pow5mult
001167dc 00000138 T __lshift
00116914 00000058 T __mcmp
0011696c 000001f0 T __mdiff
00116b5c 00000120 T __d2b
00116c7c 00000024 T __locale_mb_cur_max
00116ca0 000000a4 T __ssprint_r
00116d44 0000003c T fiprintf
00116d80 00000160 T _wcsnrtombs_l
00116ee0 00000064 T _wcsnrtombs_r
00116f44 00000324 T __utf8_mbtowc
00117268 00000030 T __sprint_r
00117298 00000014 T abort
001172ac 00000024 T _localeconv_r
001172d0 000000c0 T _calloc_r
00117390 00000128 T __ssputs_r
001174b8 000000f0 T __utf8_wctomb
001175a8 00000130 T strchr
001176d8 00000090 T _raise_r
00117768 00000018 T raise
00117780 000005e4 t get_arg
00117d64 00002264 T _vfiprintf_r
00119fc8 000000b8 t __sbprintf
0011a080 00000020 T _exit
0011a0a0 0000013c T chdir
0011a1dc 000001cc T _concatenate_path
0011a3a8 00000088 T _fstat_r
0011a430 00000014 T _getpid_r
0011a444 0000002c T __getreent
0011a470 0000003c T __get_handle
0011a4ac 000000f4 T _close_r
0011a5a0 00000008 t null_write
0011a5a8 00000018 T setDefaultDevice
0011a5c0 000000c8 T FindDevice
0011a688 00000028 T RemoveDevice
0011a6b0 00000098 T AddDevice
0011a748 00000020 T GetDeviceOpTab
0011a768 00000008 T _isatty_r
0011a770 00000014 T _kill_r
0011a784 0000008c T _lseek_r
0011a810 00000088 T _read_r
0011a898 00000078 W _sbrk_r
0011a910 0000001c T __libc_lock_acquire
0011a92c 0000001c T __libc_lock_release
0011a948 0000001c T __libc_lock_acquire_recursive
0011a964 0000001c T __libc_lock_release_recursive
0011a980 00000088 T _write_r
0011aa08 00000048 T strrchr
0011aa50 T _fini
0011b1a0 r .LC2
0011b380 00000080 r dotab_stdout
0011b400 00000018 r grayScale
0011b418 00000006 r colorCube
0011b420 00000030 r colorTable
0011b46c 00000008 r morton_y.2
0011b474 00000008 r morton_x.3
0011b47c 00000008 r s_sleepWakeEvents.4
0011b484 R default_font_bin
0011bc84 R default_font_bin_end
0011bc84 00000030 r error_table
0011bcb4 00000080 r archive_devoptab
0011bd34 00000101 R _ctype_
0011bf5c 00000010 r zeroes.0
0011bf6c 00000010 r blanks.1
0011c070 00000010 r zeroes.0
0011c080 00000010 r blanks.1
0011c090 0000006c R __action_table
0011c0fc 0000006c R __state_table
0011c168 00000100 R __chclass
0011c268 0000000c r p05.0
0011c278 00000028 R __mprec_bigtens
0011c2a0 000000c8 R __mprec_tens
0011c454 00000010 r zeroes.0
0011c464 00000010 r blanks.1
0011c474 00000080 R dotab_stdnull
0011c4f4 R __tdata_align
0011c4f8 r __EH_FRAME_BEGIN__
0011c4f8 R __exidx_end
0011c4f8 R __exidx_start
0011d000 00000001 d firstConsoleInit.0
0011d004 00000004 D currentConsole
0011d008 00000048 D defaultConsole
0011d050 00000004 d aptChainloadDeliverArgSize
0011d054 00000004 d kCount
0011d058 00000004 d kInterval
0011d05c 00000004 d kDelay
0011d060 W __stacksize__
0011d064 00000004 D _impure_ptr
0011d068 00000120 D _impure_data
0011d188 0000000c D __sglue
0011d194 00000004 D __malloc_sbrk_base
0011d198 00000004 D __malloc_trim_threshold
0011d1a0 00000408 D __malloc_av_
0011d5a8 0000016c D __global_locale
0011d714 00000400 d _current_working_directory
0011db18 00001000 d handles
0011eb18 0000000c d __stderr_handle
0011eb24 0000000c d __stdout_handle
0011eb30 0000000c d __stdin_handle
0011eb3c 0000008c D devoptab_list
0011ebc8 00000004 d defaultDevice
0011ebd4 d _GLOBAL_OFFSET_TABLE_
0011ebe0 d __frame_dummy_init_array_entry
0011ebe0 D __init_array_start
0011ebe0 B __preinit_array_end
0011ebe0 B __preinit_array_start
0011ebe0 D __tdata_lma
0011ebe0 D __tdata_lma_end
0011ebe4 d __do_global_dtors_aux_fini_array_entry
0011ebe4 D __fini_array_start
0011ebe4 D __init_array_end
0011ebe8 D __bss_start__
0011ebe8 D __fini_array_end
0011ebe8 b completed.1
0011ebec b object.0
0011ec04 0000001c b escapeSeq
0011ec20 00000048 B currentCopy
0011ec68 00000004 b screenAlloc
0011ec6c 00000004 b screenFree
0011ec70 00000002 b gfxIsDoubleBuf
0011ec74 00000002 b gfxCurBuf
0011ec76 00000001 b gfxIsVram
0011ec77 00000001 b gfxTopMode
0011ec78 00000002 b gfxFramebufferFormats
0011ec7c 00000004 b gfxBottomFramebufferMaxSize
0011ec80 00000004 b gfxTopFramebufferMaxSize
0011ec88 00000008 b gfxBottomFramebuffers
0011ec90 00000008 b gfxTopFramebuffers
0011ec98 00000001 b flagValue.0
0011ec99 00000001 b flagInit.1
0011ec9c 00000004 b serviceName.6
0011eca0 00000001 b aptChainloadFlags
0011eca1 00000001 b aptChainloadMediatype
0011eca4 00000020 b aptChainloadHmac
0011ecc4 00000300 b aptChainloadDeliverArg
0011efc8 00000008 b aptChainloadTid
0011efd0 00001000 b aptParameters
0011ffd0 00000004 b aptFlags
0011ffd4 00000001 b aptHomeButtonState
0011ffd8 00000004 b aptMessageFuncData
0011ffdc 00000004 b aptMessageFunc
0011ffe0 0000000c b aptFirstHook
0011ffec 00000001 b aptEventHandlerThreadQuit
0011fff0 00000004 b aptEventHandlerThread
0011fff4 00000008 b aptSleepEvent
0011fffc 00000008 b aptReceiveEvent
00120004 00000008 b aptEvents
0012000c 00000004 b aptLockHandle
00120010 00000004 b aptRefCount
00120014 00000007 b gspEventCbOneShot
0012001c 0000001c b gspEventCbData
00120038 0000001c b gspEventCb
00120054 00000038 b gspEvents
0012008c 00000004 b gspLastEvent
00120090 00000001 b gspRunEvents
00120094 00000004 b gspEventThread
00120098 00000004 b gspEvent
0012009c 00000001 b gspGpuRight
0012009d 00000001 b gspThreadId
001200a0 00000004 b gspSharedMem
001200a4 00000004 b gspSharedMemHandle
001200a8 00000004 b gspRefCount
001200ac 00000004 b gspGpuHandle
001200b0 00000001 b usingIrrst
001200b4 00000004 b hidRefCount
001200b8 00000006 b gRate
001200c0 00000006 b aVec
001200c8 00000004 b cPos
001200cc 00000004 b tPos
001200d0 00000004 b kRepeat
001200d4 00000004 b kUp
001200d8 00000004 b kDown
001200dc 00000004 b kHeld
001200e0 00000004 b kOld
001200e4 00000004 B hidSharedMem
001200e8 00000014 B hidEvents
001200fc 00000004 B hidMemHandle
00120100 00000004 B hidHandle
00120104 00000004 b irrstRefCount
00120108 00000004 b csPos
0012010c 00000004 b kHeld
00120110 00000004 B irrstSharedMem
00120114 00000004 B irrstEvent
00120118 00000004 B irrstMemHandle
0012011c 00000004 B irrstHandle
00120120 00000004 B __system_retAddr
00120124 00000004 B __system_argv
00120128 00000004 B __system_argc
0012012c b saved_stack
00120138 00000008 b sLinearPool
00120140 0000000c b sAddrMap
00120150 00000008 b sVramPoolB
00120158 00000008 b sVramPoolA
00120160 0000000c b sAddrMap
0012016c 00000004 B __3dslink_host
00120170 00000001 V __ctru_speedup
00120174 00000004 b srvRefCount
00120178 00000004 b srvHandle
0012017c 00000004 b arbiter
00120180 00000004 b currentAddr
00120184 00000004 b maxAddr
00120188 00000004 b minAddr
0012018c 00000004 b ptmSysmRefCount
00120190 00000004 b ptmSysmHandle
00120194 00000004 b srvPmHandle
00120198 00000004 V __ctru_linear_heap_size
0012019c 00000004 V __ctru_heap_size
001201a0 00000004 B __ctru_linear_heap
001201a4 00000004 B __ctru_heap
001201a8 000005c0 b archive_devices
00120768 00000004 b archive_device_cwd
0012076c 00000001 b archive_initialized
00120770 00000080 b fsExemptArchives
001207f0 00000004 b fsuRefCount
001207f4 00000004 b fsuHandle
001207f8 0000000c b __sfp_recursive_mutex
00120808 00000168 B __sf
00120970 00000004 B __stdio_exit_handler
00120974 00000028 B __malloc_current_mallinfo
0012099c 00000004 B __malloc_max_total_mem
001209a0 00000004 B __malloc_max_sbrked_mem
001209a4 00000004 B __malloc_top_pad
001209a8 0000000c b __malloc_recursive_mutex
001209b4 00000400 b temp_cwd
00120db4 00000004 b __hndl_lock
00120db8 00000004 B fake_heap_start
00120dbc 00000004 B fake_heap_end
00120dc0 00000004 b heap_start.0
00120dc4 B __tls_start
001219cc B __bss_end__
001219cc A __end__
001219cc B __tls_end
